[INFO  - 2016-09-22T15:31:43.400Z] GhostDriver - Main - running on port 53789
[INFO  - 2016-09-22T15:31:46.650Z] Session [ac2eb6e0-80d9-11e6-8c53-2d71824a9d0b] - page.settings - {"XSSAuditingEnabled":false,"javascriptCanCloseWindows":true,"javascriptCanOpenWindows":true,"javascriptEnabled":true,"loadImages":true,"localToRemoteUrlAccessEnabled":false,"userAgent":"Mozilla/5.0 (Windows NT 6.2; WOW64) AppleWebKit/538.1 (KHTML, like Gecko) PhantomJS/2.1.1 Safari/538.1","webSecurityEnabled":true}
[INFO  - 2016-09-22T15:31:46.650Z] Session [ac2eb6e0-80d9-11e6-8c53-2d71824a9d0b] - page.customHeaders:  - {}
[INFO  - 2016-09-22T15:31:46.650Z] Session [ac2eb6e0-80d9-11e6-8c53-2d71824a9d0b] - Session.negotiatedCapabilities - {"browserName":"phantomjs","version":"2.1.1","driverName":"ghostdriver","driverVersion":"1.2.0","platform":"windows-8-32bit","javascriptEnabled":true,"takesScreenshot":true,"handlesAlerts":false,"databaseEnabled":false,"locationContextEnabled":false,"applicationCacheEnabled":false,"browserConnectionEnabled":false,"cssSelectorsEnabled":true,"webStorageEnabled":false,"rotatable":false,"acceptSslCerts":false,"nativeEvents":true,"proxy":{"proxyType":"direct"}}
[INFO  - 2016-09-22T15:31:46.650Z] SessionManagerReqHand - _postNewSessionCommand - New Session Created: ac2eb6e0-80d9-11e6-8c53-2d71824a9d0b
[ERROR - 2016-09-22T15:31:47.973Z] Session [ac2eb6e0-80d9-11e6-8c53-2d71824a9d0b] - page.onError - msg: TypeError: undefined is not a constructor (evaluating 'jQuery11020851231160108_1474558307180')

  phantomjs://platform/console++.js:263 in error
[ERROR - 2016-09-22T15:31:47.974Z] Session [ac2eb6e0-80d9-11e6-8c53-2d71824a9d0b] - page.onError - stack:
  global code (https://sp0.baidu.com/5a1Fazu8AA54nxGko9WTAnF6hhy/su?wd=1&json=1&p=3&sid=19636_20048_1426_18281_17948_21104_18134_17001_21193_21160_20927&csor=1&cb=jQuery11020851231160108_1474558307180&_=1474558307182:1)

  phantomjs://platform/console++.js:263 in error
[ERROR - 2016-09-22T15:31:47.975Z] Session [ac2eb6e0-80d9-11e6-8c53-2d71824a9d0b] - page.onError - msg: TypeError: undefined is not a constructor (evaluating 'jQuery11020851231160108_1474558307180')

  phantomjs://platform/console++.js:263 in error
[ERROR - 2016-09-22T15:31:47.975Z] Session [ac2eb6e0-80d9-11e6-8c53-2d71824a9d0b] - page.onError - stack:
  global code (https://sp0.baidu.com/5a1Fazu8AA54nxGko9WTAnF6hhy/su?wd=158&json=1&p=3&sid=19636_20048_1426_18281_17948_21104_18134_17001_21193_21160_20927&csor=3&pwd=15&cb=jQuery11020851231160108_1474558307180&_=1474558307184:1)

  phantomjs://platform/console++.js:263 in error
[ERROR - 2016-09-22T15:31:47.976Z] Session [ac2eb6e0-80d9-11e6-8c53-2d71824a9d0b] - page.onError - msg: TypeError: undefined is not a constructor (evaluating 'jQuery11020851231160108_1474558307180')

  phantomjs://platform/console++.js:263 in error
[ERROR - 2016-09-22T15:31:47.976Z] Session [ac2eb6e0-80d9-11e6-8c53-2d71824a9d0b] - page.onError - stack:
  global code (https://sp0.baidu.com/5a1Fazu8AA54nxGko9WTAnF6hhy/su?wd=15&json=1&p=3&sid=19636_20048_1426_18281_17948_21104_18134_17001_21193_21160_20927&csor=2&pwd=1&cb=jQuery11020851231160108_1474558307180&_=1474558307183:1)

  phantomjs://platform/console++.js:263 in error
[ERROR - 2016-09-22T15:31:47.982Z] Session [ac2eb6e0-80d9-11e6-8c53-2d71824a9d0b] - page.onError - msg: TypeError: undefined is not a constructor (evaluating 'jQuery11020851231160108_1474558307180')

  phantomjs://platform/console++.js:263 in error
[ERROR - 2016-09-22T15:31:47.982Z] Session [ac2eb6e0-80d9-11e6-8c53-2d71824a9d0b] - page.onError - stack:
  global code (https://sp0.baidu.com/5a1Fazu8AA54nxGko9WTAnF6hhy/su?wd=1580&json=1&p=3&sid=19636_20048_1426_18281_17948_21104_18134_17001_21193_21160_20927&csor=4&pwd=158&cb=jQuery11020851231160108_1474558307180&_=1474558307185:1)

  phantomjs://platform/console++.js:263 in error
